<?xml version="1.0" encoding="UTF-8"?>
<testsuite name="tourGuide.TestTourGuideService" tests="5" skipped="0" failures="0" errors="0" timestamp="2022-07-20T09:42:40" hostname="DESKTOP-SUJD6MH" time="0.208">
  <properties/>
  <testcase name="getUserLocation" classname="tourGuide.TestTourGuideService" time="0.053"/>
  <testcase name="addUser" classname="tourGuide.TestTourGuideService" time="0.001"/>
  <testcase name="getAllUsers" classname="tourGuide.TestTourGuideService" time="0.002"/>
  <testcase name="trackUser" classname="tourGuide.TestTourGuideService" time="0.055"/>
  <testcase name="getNearbyAttractions" classname="tourGuide.TestTourGuideService" time="0.096"/>
  <system-out><![CDATA[11:42:40.055 [Test worker] INFO tourGuide.service.TourGuideService - TestMode enabled
11:42:40.055 [Test worker] DEBUG tourGuide.service.TourGuideService - Initializing users
11:42:40.055 [Test worker] DEBUG tourGuide.service.TourGuideService - Created 0 internal test users.
11:42:40.055 [Test worker] DEBUG tourGuide.service.TourGuideService - Finished initializing users
11:42:40.056 [pool-11-thread-1] DEBUG tourGuide.tracker.Tracker - Begin Tracker. Tracking 0 users.
11:42:40.057 [pool-11-thread-1] DEBUG tourGuide.tracker.Tracker - Tracker Time Elapsed: 0 seconds.
11:42:40.057 [pool-11-thread-1] DEBUG tourGuide.tracker.Tracker - Tracker sleeping
11:42:40.109 [Test worker] INFO tourGuide.service.TourGuideService - TestMode enabled
11:42:40.109 [Test worker] DEBUG tourGuide.service.TourGuideService - Initializing users
11:42:40.109 [Test worker] DEBUG tourGuide.service.TourGuideService - Created 0 internal test users.
11:42:40.109 [Test worker] DEBUG tourGuide.service.TourGuideService - Finished initializing users
11:42:40.110 [pool-13-thread-1] DEBUG tourGuide.tracker.Tracker - Tracker stopping
11:42:40.110 [Test worker] INFO tourGuide.service.TourGuideService - TestMode enabled
11:42:40.110 [Test worker] DEBUG tourGuide.service.TourGuideService - Initializing users
11:42:40.110 [Test worker] DEBUG tourGuide.service.TourGuideService - Created 0 internal test users.
11:42:40.111 [Test worker] DEBUG tourGuide.service.TourGuideService - Finished initializing users
11:42:40.111 [pool-15-thread-1] DEBUG tourGuide.tracker.Tracker - Tracker stopping
11:42:40.111 [Test worker] INFO tourGuide.service.TourGuideService - TestMode enabled
11:42:40.112 [Test worker] DEBUG tourGuide.service.TourGuideService - Initializing users
11:42:40.112 [Test worker] DEBUG tourGuide.service.TourGuideService - Created 0 internal test users.
11:42:40.112 [Test worker] DEBUG tourGuide.service.TourGuideService - Finished initializing users
11:42:40.113 [pool-17-thread-1] DEBUG tourGuide.tracker.Tracker - Begin Tracker. Tracking 0 users.
11:42:40.113 [pool-17-thread-1] DEBUG tourGuide.tracker.Tracker - Tracker Time Elapsed: 0 seconds.
11:42:40.113 [pool-17-thread-1] DEBUG tourGuide.tracker.Tracker - Tracker sleeping
11:42:40.167 [Test worker] INFO tourGuide.service.TourGuideService - TestMode enabled
11:42:40.168 [Test worker] DEBUG tourGuide.service.TourGuideService - Initializing users
11:42:40.168 [Test worker] DEBUG tourGuide.service.TourGuideService - Created 0 internal test users.
11:42:40.168 [Test worker] DEBUG tourGuide.service.TourGuideService - Finished initializing users
11:42:40.169 [pool-19-thread-1] DEBUG tourGuide.tracker.Tracker - Begin Tracker. Tracking 0 users.
11:42:40.169 [pool-19-thread-1] DEBUG tourGuide.tracker.Tracker - Tracker Time Elapsed: 0 seconds.
11:42:40.169 [pool-19-thread-1] DEBUG tourGuide.tracker.Tracker - Tracker sleeping
]]></system-out>
  <system-err><![CDATA[]]></system-err>
</testsuite>
