<?xml version="1.0" encoding="UTF-8"?>
<testsuite name="tourGuide.TestPerformance" tests="2" skipped="0" failures="0" errors="0" timestamp="2022-07-20T09:41:11" hostname="DESKTOP-SUJD6MH" time="88.073">
  <properties/>
  <testcase name="highVolumeTrackLocation" classname="tourGuide.TestPerformance" time="77.589"/>
  <testcase name="highVolumeGetRewards" classname="tourGuide.TestPerformance" time="10.484"/>
  <system-out><![CDATA[11:41:11.993 [Test worker] INFO tourGuide.service.TourGuideService - TestMode enabled
11:41:11.994 [Test worker] DEBUG tourGuide.service.TourGuideService - Initializing users
11:41:12.088 [Test worker] DEBUG tourGuide.service.TourGuideService - Created 1000 internal test users.
11:41:12.088 [Test worker] DEBUG tourGuide.service.TourGuideService - Finished initializing users
11:41:12.090 [pool-7-thread-1] DEBUG tourGuide.tracker.Tracker - Begin Tracker. Tracking 1000 users.
highVolumeTrackLocation: Time Elapsed: 77 seconds.
11:42:29.567 [Test worker] INFO tourGuide.service.TourGuideService - TestMode enabled
11:42:29.567 [Test worker] DEBUG tourGuide.service.TourGuideService - Initializing users
11:42:29.591 [Test worker] DEBUG tourGuide.service.TourGuideService - Created 1000 internal test users.
11:42:29.591 [Test worker] DEBUG tourGuide.service.TourGuideService - Finished initializing users
11:42:29.592 [pool-9-thread-1] DEBUG tourGuide.tracker.Tracker - Begin Tracker. Tracking 1000 users.
11:42:30.105 [pool-7-thread-1] DEBUG tourGuide.tracker.Tracker - Tracker Time Elapsed: 78 seconds.
11:42:30.105 [pool-7-thread-1] DEBUG tourGuide.tracker.Tracker - Tracker sleeping
highVolumeGetRewards: Time Elapsed: 10 seconds.
]]></system-out>
  <system-err><![CDATA[]]></system-err>
</testsuite>
