<?xml version="1.0" encoding="UTF-8"?>
<testsuite name="tourGuide.TestPerformance" tests="2" skipped="0" failures="0" errors="0" timestamp="2022-07-21T13:57:21" hostname="DESKTOP-SUJD6MH" time="16.17">
  <properties/>
  <testcase name="highVolumeTrackLocation" classname="tourGuide.TestPerformance" time="0.475"/>
  <testcase name="highVolumeGetRewards" classname="tourGuide.TestPerformance" time="15.694"/>
  <system-out><![CDATA[15:57:21.476 [Test worker] INFO tourGuide.service.TourGuideService - TestMode enabled
15:57:21.491 [Test worker] DEBUG tourGuide.service.TourGuideService - Initializing users
15:57:21.770 [Test worker] DEBUG tourGuide.service.TourGuideService - Created 1000 internal test users.
15:57:21.770 [Test worker] DEBUG tourGuide.service.TourGuideService - Finished initializing users
15:57:21.770 [pool-3-thread-1] DEBUG tourGuide.tracker.Tracker - Begin Tracker. Tracking 1000 users.
15:57:21.799 [pool-3-thread-1] DEBUG tourGuide.tracker.Tracker - Tracker Time Elapsed: 0 seconds.
15:57:21.799 [pool-3-thread-1] DEBUG tourGuide.tracker.Tracker - Tracker sleeping
highVolumeTrackLocation: Time Elapsed: 0 seconds.
15:57:21.801 [Test worker] INFO tourGuide.service.TourGuideService - TestMode enabled
15:57:21.801 [Test worker] DEBUG tourGuide.service.TourGuideService - Initializing users
15:57:21.836 [Test worker] DEBUG tourGuide.service.TourGuideService - Created 1000 internal test users.
15:57:21.837 [Test worker] DEBUG tourGuide.service.TourGuideService - Finished initializing users
15:57:21.838 [pool-6-thread-1] DEBUG tourGuide.tracker.Tracker - Begin Tracker. Tracking 1000 users.
15:57:21.840 [pool-6-thread-1] DEBUG tourGuide.tracker.Tracker - Tracker Time Elapsed: 0 seconds.
15:57:21.840 [pool-6-thread-1] DEBUG tourGuide.tracker.Tracker - Tracker sleeping
highVolumeGetRewards: Time Elapsed: 15 seconds.
]]></system-out>
  <system-err><![CDATA[Jul 21, 2022 3:57:21 PM org.javamoney.moneta.DefaultMonetaryContextFactory createMonetaryContextNonNullConfig
INFO: Using custom MathContext: precision=256, roundingMode=HALF_EVEN
]]></system-err>
</testsuite>
