<?xml version="1.0" encoding="UTF-8"?>
<testsuite name="tourGuide.TestRewardsService" tests="3" skipped="0" failures="0" errors="0" timestamp="2022-07-20T09:41:11" hostname="DESKTOP-SUJD6MH" time="0.416">
  <properties/>
  <testcase name="nearAllAttractions" classname="tourGuide.TestRewardsService" time="0.309"/>
  <testcase name="userGetRewards" classname="tourGuide.TestRewardsService" time="0.097"/>
  <testcase name="isWithinAttractionProximity" classname="tourGuide.TestRewardsService" time="0.01"/>
  <system-out><![CDATA[11:41:11.720 [Test worker] INFO tourGuide.service.TourGuideService - TestMode enabled
11:41:11.736 [Test worker] DEBUG tourGuide.service.TourGuideService - Initializing users
11:41:11.845 [Test worker] DEBUG tourGuide.service.TourGuideService - Created 1 internal test users.
11:41:11.845 [Test worker] DEBUG tourGuide.service.TourGuideService - Finished initializing users
11:41:11.845 [pool-2-thread-1] DEBUG tourGuide.tracker.Tracker - Begin Tracker. Tracking 1 users.
11:41:11.883 [Test worker] INFO tourGuide.service.TourGuideService - TestMode enabled
11:41:11.883 [Test worker] DEBUG tourGuide.service.TourGuideService - Initializing users
11:41:11.884 [pool-2-thread-1] DEBUG tourGuide.tracker.Tracker - Tracker Time Elapsed: 0 seconds.
11:41:11.884 [pool-2-thread-1] DEBUG tourGuide.tracker.Tracker - Tracker sleeping
11:41:11.885 [Test worker] DEBUG tourGuide.service.TourGuideService - Created 0 internal test users.
11:41:11.885 [Test worker] DEBUG tourGuide.service.TourGuideService - Finished initializing users
11:41:11.886 [pool-4-thread-1] DEBUG tourGuide.tracker.Tracker - Begin Tracker. Tracking 0 users.
11:41:11.886 [pool-4-thread-1] DEBUG tourGuide.tracker.Tracker - Tracker Time Elapsed: 0 seconds.
11:41:11.887 [pool-4-thread-1] DEBUG tourGuide.tracker.Tracker - Tracker sleeping
rewards = 1
]]></system-out>
  <system-err><![CDATA[Jul 20, 2022 11:41:11 AM org.javamoney.moneta.DefaultMonetaryContextFactory createMonetaryContextNonNullConfig
INFO: Using custom MathContext: precision=256, roundingMode=HALF_EVEN
]]></system-err>
</testsuite>
