<?xml version="1.0" encoding="UTF-8"?>
<testsuite name="tourGuide.TestPerformance" tests="2" skipped="0" failures="0" errors="0" timestamp="2022-07-21T14:19:30" hostname="DESKTOP-SUJD6MH" time="101.56">
  <properties/>
  <testcase name="highVolumeTrackLocation" classname="tourGuide.TestPerformance" time="1.606"/>
  <testcase name="highVolumeGetRewards" classname="tourGuide.TestPerformance" time="99.953"/>
  <system-out><![CDATA[16:19:30.174 [Test worker] INFO tourGuide.service.TourGuideService - TestMode enabled
16:19:30.182 [Test worker] DEBUG tourGuide.service.TourGuideService - Initializing users
16:19:31.542 [Test worker] DEBUG tourGuide.service.TourGuideService - Created 100000 internal test users.
16:19:31.542 [Test worker] DEBUG tourGuide.service.TourGuideService - Finished initializing users
16:19:31.622 [pool-3-thread-1] DEBUG tourGuide.tracker.Tracker - Begin Tracker. Tracking 100000 users.
highVolumeTrackLocation: Time Elapsed: 0 seconds.
16:19:31.622 [Test worker] INFO tourGuide.service.TourGuideService - TestMode enabled
16:19:31.622 [Test worker] DEBUG tourGuide.service.TourGuideService - Initializing users
16:19:31.692 [pool-3-thread-1] DEBUG tourGuide.tracker.Tracker - Tracker Time Elapsed: 0 seconds.
16:19:31.692 [pool-3-thread-1] DEBUG tourGuide.tracker.Tracker - Tracker sleeping
16:19:32.464 [Test worker] DEBUG tourGuide.service.TourGuideService - Created 100000 internal test users.
16:19:32.464 [Test worker] DEBUG tourGuide.service.TourGuideService - Finished initializing users
16:19:32.472 [pool-7-thread-1] DEBUG tourGuide.tracker.Tracker - Begin Tracker. Tracking 100000 users.
16:19:32.517 [pool-7-thread-1] DEBUG tourGuide.tracker.Tracker - Tracker Time Elapsed: 0 seconds.
16:19:32.517 [pool-7-thread-1] DEBUG tourGuide.tracker.Tracker - Tracker sleeping
highVolumeGetRewards: Time Elapsed: 99 seconds.
]]></system-out>
  <system-err><![CDATA[Jul 21, 2022 4:19:30 PM org.javamoney.moneta.DefaultMonetaryContextFactory createMonetaryContextNonNullConfig
INFO: Using custom MathContext: precision=256, roundingMode=HALF_EVEN
]]></system-err>
</testsuite>
